<?xml version="1.0" encoding="UTF-8"?>
<testsuite xmlns:xsi="http://www.w3.org/2001/XMLSchema-instance" xsi:noNamespaceSchemaLocation="https://maven.apache.org/surefire/maven-surefire-plugin/xsd/surefire-test-report-3.0.xsd" version="3.0" name="PhoneBookTest" time="0.081" tests="8" errors="0" skipped="0" failures="0">
  <properties>
    <property name="java.specification.version" value="16"/>
    <property name="sun.jnu.encoding" value="UTF-8"/>
    <property name="java.class.path" value="/Users/vi/IdeaProjectsq/Multithreading_5_TDD/target/test-classes:/Users/vi/IdeaProjectsq/Multithreading_5_TDD/target/classes:/Users/vi/.m2/repository/org/testng/testng/7.7.0/testng-7.7.0.jar:/Users/vi/.m2/repository/org/slf4j/slf4j-api/1.7.36/slf4j-api-1.7.36.jar:/Users/vi/.m2/repository/com/beust/jcommander/1.82/jcommander-1.82.jar:/Users/vi/.m2/repository/org/webjars/jquery/3.6.1/jquery-3.6.1.jar:/Users/vi/.m2/repository/junit/junit/4.12/junit-4.12.jar:/Users/vi/.m2/repository/org/hamcrest/hamcrest-core/1.3/hamcrest-core-1.3.jar:/Users/vi/.m2/repository/org/junit/jupiter/junit-jupiter/5.9.2/junit-jupiter-5.9.2.jar:/Users/vi/.m2/repository/org/junit/jupiter/junit-jupiter-api/5.9.2/junit-jupiter-api-5.9.2.jar:/Users/vi/.m2/repository/org/opentest4j/opentest4j/1.2.0/opentest4j-1.2.0.jar:/Users/vi/.m2/repository/org/junit/platform/junit-platform-commons/1.9.2/junit-platform-commons-1.9.2.jar:/Users/vi/.m2/repository/org/apiguardian/apiguardian-api/1.1.2/apiguardian-api-1.1.2.jar:/Users/vi/.m2/repository/org/junit/jupiter/junit-jupiter-params/5.9.2/junit-jupiter-params-5.9.2.jar:/Users/vi/.m2/repository/org/junit/jupiter/junit-jupiter-engine/5.9.2/junit-jupiter-engine-5.9.2.jar:/Users/vi/.m2/repository/org/junit/platform/junit-platform-engine/1.9.2/junit-platform-engine-1.9.2.jar:/Users/vi/.m2/repository/org/hamcrest/hamcrest/2.2/hamcrest-2.2.jar:"/>
    <property name="java.vm.vendor" value="Azul Systems, Inc."/>
    <property name="sun.arch.data.model" value="64"/>
    <property name="java.vendor.url" value="http://www.azul.com/"/>
    <property name="os.name" value="Mac OS X"/>
    <property name="java.vm.specification.version" value="16"/>
    <property name="sun.java.launcher" value="SUN_STANDARD"/>
    <property name="user.country" value="RU"/>
    <property name="sun.boot.library.path" value="/Users/vi/Library/Java/JavaVirtualMachines/azul-16.0.2/Contents/Home/lib"/>
    <property name="sun.java.command" value="/Users/vi/IdeaProjectsq/Multithreading_5_TDD/target/surefire/surefirebooter18113767964997849684.jar /Users/vi/IdeaProjectsq/Multithreading_5_TDD/target/surefire 2023-04-23T08-18-38_734-jvmRun1 surefire4807322847078025751tmp surefire_016318669475958198060tmp"/>
    <property name="http.nonProxyHosts" value="local|*.local|169.254/16|*.169.254/16"/>
    <property name="jdk.debug" value="release"/>
    <property name="surefire.test.class.path" value="/Users/vi/IdeaProjectsq/Multithreading_5_TDD/target/test-classes:/Users/vi/IdeaProjectsq/Multithreading_5_TDD/target/classes:/Users/vi/.m2/repository/org/testng/testng/7.7.0/testng-7.7.0.jar:/Users/vi/.m2/repository/org/slf4j/slf4j-api/1.7.36/slf4j-api-1.7.36.jar:/Users/vi/.m2/repository/com/beust/jcommander/1.82/jcommander-1.82.jar:/Users/vi/.m2/repository/org/webjars/jquery/3.6.1/jquery-3.6.1.jar:/Users/vi/.m2/repository/junit/junit/4.12/junit-4.12.jar:/Users/vi/.m2/repository/org/hamcrest/hamcrest-core/1.3/hamcrest-core-1.3.jar:/Users/vi/.m2/repository/org/junit/jupiter/junit-jupiter/5.9.2/junit-jupiter-5.9.2.jar:/Users/vi/.m2/repository/org/junit/jupiter/junit-jupiter-api/5.9.2/junit-jupiter-api-5.9.2.jar:/Users/vi/.m2/repository/org/opentest4j/opentest4j/1.2.0/opentest4j-1.2.0.jar:/Users/vi/.m2/repository/org/junit/platform/junit-platform-commons/1.9.2/junit-platform-commons-1.9.2.jar:/Users/vi/.m2/repository/org/apiguardian/apiguardian-api/1.1.2/apiguardian-api-1.1.2.jar:/Users/vi/.m2/repository/org/junit/jupiter/junit-jupiter-params/5.9.2/junit-jupiter-params-5.9.2.jar:/Users/vi/.m2/repository/org/junit/jupiter/junit-jupiter-engine/5.9.2/junit-jupiter-engine-5.9.2.jar:/Users/vi/.m2/repository/org/junit/platform/junit-platform-engine/1.9.2/junit-platform-engine-1.9.2.jar:/Users/vi/.m2/repository/org/hamcrest/hamcrest/2.2/hamcrest-2.2.jar:"/>
    <property name="sun.cpu.endian" value="little"/>
    <property name="user.home" value="/Users/vi"/>
    <property name="user.language" value="ru"/>
    <property name="java.specification.vendor" value="Oracle Corporation"/>
    <property name="java.version.date" value="2021-07-20"/>
    <property name="java.home" value="/Users/vi/Library/Java/JavaVirtualMachines/azul-16.0.2/Contents/Home"/>
    <property name="file.separator" value="/"/>
    <property name="basedir" value="/Users/vi/IdeaProjectsq/Multithreading_5_TDD"/>
    <property name="java.vm.compressedOopsMode" value="Zero based"/>
    <property name="line.separator" value="&#10;"/>
    <property name="java.specification.name" value="Java Platform API Specification"/>
    <property name="java.vm.specification.vendor" value="Oracle Corporation"/>
    <property name="surefire.real.class.path" value="/Users/vi/IdeaProjectsq/Multithreading_5_TDD/target/surefire/surefirebooter18113767964997849684.jar"/>
    <property name="sun.management.compiler" value="HotSpot 64-Bit Tiered Compilers"/>
    <property name="ftp.nonProxyHosts" value="local|*.local|169.254/16|*.169.254/16"/>
    <property name="java.runtime.version" value="16.0.2+7"/>
    <property name="user.name" value="vi"/>
    <property name="path.separator" value=":"/>
    <property name="os.version" value="13.3.1"/>
    <property name="java.runtime.name" value="OpenJDK Runtime Environment"/>
    <property name="file.encoding" value="UTF-8"/>
    <property name="java.vm.name" value="OpenJDK 64-Bit Server VM"/>
    <property name="java.vendor.version" value="Zulu16.32+15-CA"/>
    <property name="localRepository" value="/Users/vi/.m2/repository"/>
    <property name="java.vendor.url.bug" value="http://www.azul.com/support/"/>
    <property name="java.io.tmpdir" value="/var/folders/nj/yzsq4jrd6hd0sm67ygjfvbyc0000gp/T/"/>
    <property name="idea.version" value="2022.2.3"/>
    <property name="java.version" value="16.0.2"/>
    <property name="user.dir" value="/Users/vi/IdeaProjectsq/Multithreading_5_TDD"/>
    <property name="os.arch" value="aarch64"/>
    <property name="java.vm.specification.name" value="Java Virtual Machine Specification"/>
    <property name="java.library.path" value="/Users/vi/Library/Java/Extensions:/Library/Java/Extensions:/Network/Library/Java/Extensions:/System/Library/Java/Extensions:/usr/lib/java:."/>
    <property name="java.vm.info" value="mixed mode"/>
    <property name="java.vendor" value="Azul Systems, Inc."/>
    <property name="java.vm.version" value="16.0.2+7"/>
    <property name="sun.io.unicode.encoding" value="UnicodeBig"/>
    <property name="socksNonProxyHosts" value="local|*.local|169.254/16|*.169.254/16"/>
    <property name="java.class.version" value="60.0"/>
  </properties>
  <testcase name="testFindByNumber(String, String, String, String, String)[1]" classname="PhoneBookTest" time="0.028">
    <system-out><![CDATA[before test
test findByNumber
after test
]]></system-out>
  </testcase>
  <testcase name="testFindByNumber(String, String, String, String, String)[2]" classname="PhoneBookTest" time="0.002">
    <system-out><![CDATA[before test
test findByNumber
after test
]]></system-out>
  </testcase>
  <testcase name="testAdd(int, String, String, String, String)[1]" classname="PhoneBookTest" time="0.001">
    <system-out><![CDATA[before test
test add
after test
]]></system-out>
  </testcase>
  <testcase name="testAdd(int, String, String, String, String)[2]" classname="PhoneBookTest" time="0">
    <system-out><![CDATA[before test
test add
after test
]]></system-out>
  </testcase>
  <testcase name="testFindByName(String, String, String, String, String)[1]" classname="PhoneBookTest" time="0.001">
    <system-out><![CDATA[before test
test findByName
after test
]]></system-out>
  </testcase>
  <testcase name="testFindByName(String, String, String, String, String)[2]" classname="PhoneBookTest" time="0">
    <system-out><![CDATA[before test
test findByName
after test
]]></system-out>
  </testcase>
  <testcase name="testPrintAllNames(List, String, String, String, String)[1]" classname="PhoneBookTest" time="0.003">
    <system-out><![CDATA[before test
test printAllNames
after test
]]></system-out>
  </testcase>
  <testcase name="testPrintAllNames(List, String, String, String, String)[2]" classname="PhoneBookTest" time="0.001">
    <system-out><![CDATA[before test
test printAllNames
after test
]]></system-out>
  </testcase>
</testsuite>